{"name": "test_2", "status": "failed", "statusDetails": {"message": "AssertionError: assert 1 == 2", "trace": "def test_2():\n        print(\"test_2\")\n>       assert 1 == 2\nE       assert 1 == 2\n\n..\\test_case\\test_case_01.py:8: AssertionError"}, "attachments": [{"name": "stdout", "source": "e52c9710-2de1-43df-ac12-8182bafcd669-attachment.txt", "type": "text/plain"}], "start": 1607077081952, "stop": 1607077081953, "uuid": "0dd53c8f-ccb7-438d-bab1-39b1b2aae08e", "historyId": "b6214ae89660c97e3a598e01dae1ba06", "testCaseId": "cc6896423e23cb37cfe55037c3b2ef64", "fullName": "test_case.test_case_01#test_2", "labels": [{"name": "parentSuite", "value": "test_case"}, {"name": "suite", "value": "test_case_01"}, {"name": "host", "value": "LAPTOP-UDME04BU"}, {"name": "thread", "value": "20728-MainThread"}, {"name": "framework", "value": "pytest"}, {"name": "language", "value": "cpython3"}, {"name": "package", "value": "test_case.test_case_01"}]}