{"name": "test_2", "status": "failed", "statusDetails": {"message": "AssertionError: assert 1 == 2", "trace": "def test_2():\n        print(\"test_2\")\n>       assert 1 == 2\nE       assert 1 == 2\n\n..\\test_case\\test_case_01.py:8: AssertionError"}, "attachments": [{"name": "stdout", "source": "38de3fac-4b05-4c2e-ab0d-85f3b196908f-attachment.txt", "type": "text/plain"}], "start": 1607071027784, "stop": 1607071027786, "uuid": "cb01b031-312f-4147-8473-bde0de9a8491", "historyId": "b6214ae89660c97e3a598e01dae1ba06", "testCaseId": "cc6896423e23cb37cfe55037c3b2ef64", "fullName": "test_case.test_case_01#test_2", "labels": [{"name": "parentSuite", "value": "test_case"}, {"name": "suite", "value": "test_case_01"}, {"name": "host", "value": "LAPTOP-UDME04BU"}, {"name": "thread", "value": "25160-MainThread"}, {"name": "framework", "value": "pytest"}, {"name": "language", "value": "cpython3"}, {"name": "package", "value": "test_case.test_case_01"}]}